This file contains any messages produced by compilers while
running configure, to aid debugging if configure makes a mistake.

It was created by RdkVlanManager-rdkb configure version-1.0, which was
generated by GNU Autoconf 2.71.  Invocation command line was

  $ ./configure

## --------- ##
## Platform. ##
## --------- ##

hostname = runnervmg1sw1
uname -m = x86_64
uname -r = 6.11.0-1018-azure
uname -s = Linux
uname -v = #18~24.04.1-Ubuntu SMP Sat Jun 28 04:46:03 UTC 2025

/usr/bin/uname -p = x86_64
/bin/uname -X     = unknown

/bin/arch              = x86_64
/usr/bin/arch -k       = unknown
/usr/convex/getsysinfo = unknown
/usr/bin/hostinfo      = unknown
/bin/machine           = unknown
/usr/bin/oslevel       = unknown
/bin/universe          = unknown

PATH: /snap/bin/
PATH: /home/runner/.local/bin/
PATH: /opt/pipx_bin/
PATH: /home/runner/.cargo/bin/
PATH: /home/runner/.config/composer/vendor/bin/
PATH: /usr/local/.ghcup/bin/
PATH: /home/runner/.dotnet/tools/
PATH: /usr/local/sbin/
PATH: /usr/local/bin/
PATH: /usr/sbin/
PATH: /usr/bin/
PATH: /sbin/
PATH: /bin/
PATH: /usr/games/
PATH: /usr/local/games/
PATH: /snap/bin/


## ----------- ##
## Core tests. ##
## ----------- ##

configure:2870: looking for aux files: compile config.guess config.sub ltmain.sh missing install-sh
configure:2883:  trying ./cfg/
configure:2912:   ./cfg/compile found
configure:2912:   ./cfg/config.guess found
configure:2912:   ./cfg/config.sub found
configure:2912:   ./cfg/ltmain.sh found
configure:2912:   ./cfg/missing found
configure:2894:   ./cfg/install-sh found
configure:3046: checking for a BSD-compatible install
configure:3119: result: /usr/bin/install -c
configure:3130: checking whether build environment is sane
configure:3185: result: yes
configure:3344: checking for a race-free mkdir -p
configure:3388: result: /usr/bin/mkdir -p
configure:3395: checking for gawk
configure:3416: found /usr/bin/gawk
configure:3427: result: gawk
configure:3438: checking whether make sets $(MAKE)
configure:3461: result: yes
configure:3491: checking whether make supports nested variables
configure:3509: result: yes
configure:3677: checking build system type
configure:3692: result: x86_64-pc-linux-gnu
configure:3712: checking host system type
configure:3726: result: x86_64-pc-linux-gnu
configure:3767: checking how to print strings
configure:3794: result: printf
configure:3828: checking whether make supports the include directive
configure:3843: make -f confmf.GNU && cat confinc.out
this is the am__doit target
configure:3846: $? = 0
configure:3865: result: yes (GNU style)
configure:3941: checking for gcc
configure:3962: found /usr/bin/gcc
configure:3973: result: gcc
configure:4326: checking for C compiler version
configure:4335: gcc --version >&5
gcc (Ubuntu 13.3.0-6ubuntu2~24.04) 13.3.0
Copyright (C) 2023 Free Software Foundation, Inc.
This is free software; see the source for copying conditions.  There is NO
warranty; not even for MERCHANTABILITY or FITNESS FOR A PARTICULAR PURPOSE.

configure:4346: $? = 0
configure:4335: gcc -v >&5
Using built-in specs.
COLLECT_GCC=gcc
COLLECT_LTO_WRAPPER=/usr/libexec/gcc/x86_64-linux-gnu/13/lto-wrapper
OFFLOAD_TARGET_NAMES=nvptx-none:amdgcn-amdhsa
OFFLOAD_TARGET_DEFAULT=1
Target: x86_64-linux-gnu
Configured with: ../src/configure -v --with-pkgversion='Ubuntu 13.3.0-6ubuntu2~24.04' --with-bugurl=file:///usr/share/doc/gcc-13/README.Bugs --enable-languages=c,ada,c++,go,d,fortran,objc,obj-c++,m2 --prefix=/usr --with-gcc-major-version-only --program-suffix=-13 --program-prefix=x86_64-linux-gnu- --enable-shared --enable-linker-build-id --libexecdir=/usr/libexec --without-included-gettext --enable-threads=posix --libdir=/usr/lib --enable-nls --enable-bootstrap --enable-clocale=gnu --enable-libstdcxx-debug --enable-libstdcxx-time=yes --with-default-libstdcxx-abi=new --enable-libstdcxx-backtrace --enable-gnu-unique-object --disable-vtable-verify --enable-plugin --enable-default-pie --with-system-zlib --enable-libphobos-checking=release --with-target-system-zlib=auto --enable-objc-gc=auto --enable-multiarch --disable-werror --enable-cet --with-arch-32=i686 --with-abi=m64 --with-multilib-list=m32,m64,mx32 --enable-multilib --with-tune=generic --enable-offload-targets=nvptx-none=/build/gcc-13-fG75Ri/gcc-13-13.3.0/debian/tmp-nvptx/usr,amdgcn-amdhsa=/build/gcc-13-fG75Ri/gcc-13-13.3.0/debian/tmp-gcn/usr --enable-offload-defaulted --without-cuda-driver --enable-checking=release --build=x86_64-linux-gnu --host=x86_64-linux-gnu --target=x86_64-linux-gnu --with-build-config=bootstrap-lto-lean --enable-link-serialization=2
Thread model: posix
Supported LTO compression algorithms: zlib zstd
gcc version 13.3.0 (Ubuntu 13.3.0-6ubuntu2~24.04) 
... rest of stderr output deleted ...
configure:4346: $? = 0
configure:4335: gcc -V >&5
gcc: error: unrecognized command-line option '-V'
gcc: fatal error: no input files
compilation terminated.
configure:4346: $? = 1
configure:4335: gcc -qversion >&5
gcc: error: unrecognized command-line option '-qversion'; did you mean '--version'?
gcc: fatal error: no input files
compilation terminated.
configure:4346: $? = 1
configure:4335: gcc -version >&5
gcc: error: unrecognized command-line option '-version'
gcc: fatal error: no input files
compilation terminated.
configure:4346: $? = 1
configure:4366: checking whether the C compiler works
configure:4388: gcc    conftest.c  >&5
configure:4392: $? = 0
configure:4442: result: yes
configure:4445: checking for C compiler default output file name
configure:4447: result: a.out
configure:4453: checking for suffix of executables
configure:4460: gcc -o conftest    conftest.c  >&5
configure:4464: $? = 0
configure:4487: result: 
configure:4509: checking whether we are cross compiling
configure:4517: gcc -o conftest    conftest.c  >&5
configure:4521: $? = 0
configure:4528: ./conftest
configure:4532: $? = 0
configure:4547: result: no
configure:4552: checking for suffix of object files
configure:4575: gcc -c   conftest.c >&5
configure:4579: $? = 0
configure:4601: result: o
configure:4605: checking whether the compiler supports GNU C
configure:4625: gcc -c   conftest.c >&5
configure:4625: $? = 0
configure:4635: result: yes
configure:4646: checking whether gcc accepts -g
configure:4667: gcc -c -g  conftest.c >&5
configure:4667: $? = 0
configure:4711: result: yes
configure:4731: checking for gcc option to enable C11 features
configure:4746: gcc  -c -g -O2  conftest.c >&5
configure:4746: $? = 0
configure:4764: result: none needed
configure:4880: checking whether gcc understands -c and -o together
configure:4903: gcc -c conftest.c -o conftest2.o
configure:4906: $? = 0
configure:4903: gcc -c conftest.c -o conftest2.o
configure:4906: $? = 0
configure:4918: result: yes
configure:4937: checking dependency style of gcc
configure:5049: result: gcc3
configure:5064: checking for a sed that does not truncate output
configure:5134: result: /usr/bin/sed
configure:5152: checking for grep that handles long lines and -e
configure:5216: result: /usr/bin/grep
configure:5221: checking for egrep
configure:5289: result: /usr/bin/grep -E
configure:5294: checking for fgrep
configure:5362: result: /usr/bin/grep -F
configure:5398: checking for ld used by gcc
configure:5466: result: /usr/bin/ld
configure:5473: checking if the linker (/usr/bin/ld) is GNU ld
configure:5489: result: yes
configure:5501: checking for BSD- or MS-compatible name lister (nm)
configure:5556: result: /usr/bin/nm -B
configure:5696: checking the name lister (/usr/bin/nm -B) interface
configure:5704: gcc -c -g -O2  conftest.c >&5
configure:5707: /usr/bin/nm -B "conftest.o"
configure:5710: output
0000000000000000 B some_variable
configure:5717: result: BSD nm
configure:5720: checking whether ln -s works
configure:5724: result: yes
configure:5732: checking the maximum length of command line arguments
configure:5864: result: 3145728
configure:5912: checking how to convert x86_64-pc-linux-gnu file names to x86_64-pc-linux-gnu format
configure:5953: result: func_convert_file_noop
configure:5960: checking how to convert x86_64-pc-linux-gnu file names to toolchain format
configure:5981: result: func_convert_file_noop
configure:5988: checking for /usr/bin/ld option to reload object files
configure:5996: result: -r
configure:6075: checking for file
configure:6096: found /usr/bin/file
configure:6107: result: file
configure:6183: checking for objdump
configure:6204: found /usr/bin/objdump
configure:6215: result: objdump
configure:6247: checking how to recognize dependent libraries
configure:6448: result: pass_all
configure:6538: checking for dlltool
configure:6573: result: no
configure:6603: checking how to associate runtime and link libraries
configure:6631: result: printf %s\n
configure:6697: checking for ar
configure:6718: found /usr/bin/ar
configure:6729: result: ar
configure:6782: checking for archiver @FILE support
configure:6800: gcc -c -g -O2  conftest.c >&5
configure:6800: $? = 0
configure:6804: ar cr libconftest.a @conftest.lst >&5
configure:6807: $? = 0
configure:6812: ar cr libconftest.a @conftest.lst >&5
ar: conftest.o: No such file or directory
configure:6815: $? = 1
configure:6827: result: @
configure:6890: checking for strip
configure:6911: found /usr/bin/strip
configure:6922: result: strip
configure:6999: checking for ranlib
configure:7020: found /usr/bin/ranlib
configure:7031: result: ranlib
configure:7133: checking command to parse /usr/bin/nm -B output from gcc object
configure:7287: gcc -c -g -O2  conftest.c >&5
configure:7290: $? = 0
configure:7294: /usr/bin/nm -B conftest.o | /usr/bin/sed -n -e 's/^.*[	 ]\([ABCDGIRSTW][ABCDGIRSTW]*\)[	 ][	 ]*\([_A-Za-z][_A-Za-z0-9]*\)$/\1 \2 \2/p' | /usr/bin/sed '/ __gnu_lto/d' > conftest.nm
configure:7360: gcc -o conftest -g -O2   conftest.c conftstm.o >&5
configure:7363: $? = 0
configure:7401: result: ok
configure:7448: checking for sysroot
configure:7479: result: no
configure:7486: checking for a working dd
configure:7530: result: /usr/bin/dd
configure:7534: checking how to truncate binary pipes
configure:7550: result: /usr/bin/dd bs=4096 count=1
configure:7687: gcc -c -g -O2  conftest.c >&5
configure:7690: $? = 0
configure:7887: checking for mt
configure:7908: found /usr/bin/mt
configure:7919: result: mt
configure:7942: checking if mt is a manifest tool
configure:7949: mt '-?'
configure:7957: result: no
configure:8682: checking for stdio.h
configure:8682: gcc -c -g -O2  conftest.c >&5
configure:8682: $? = 0
configure:8682: result: yes
configure:8682: checking for stdlib.h
configure:8682: gcc -c -g -O2  conftest.c >&5
configure:8682: $? = 0
configure:8682: result: yes
configure:8682: checking for string.h
configure:8682: gcc -c -g -O2  conftest.c >&5
configure:8682: $? = 0
configure:8682: result: yes
configure:8682: checking for inttypes.h
configure:8682: gcc -c -g -O2  conftest.c >&5
configure:8682: $? = 0
configure:8682: result: yes
configure:8682: checking for stdint.h
configure:8682: gcc -c -g -O2  conftest.c >&5
configure:8682: $? = 0
configure:8682: result: yes
configure:8682: checking for strings.h
configure:8682: gcc -c -g -O2  conftest.c >&5
configure:8682: $? = 0
configure:8682: result: yes
configure:8682: checking for sys/stat.h
configure:8682: gcc -c -g -O2  conftest.c >&5
configure:8682: $? = 0
configure:8682: result: yes
configure:8682: checking for sys/types.h
configure:8682: gcc -c -g -O2  conftest.c >&5
configure:8682: $? = 0
configure:8682: result: yes
configure:8682: checking for unistd.h
configure:8682: gcc -c -g -O2  conftest.c >&5
configure:8682: $? = 0
configure:8682: result: yes
configure:8707: checking for dlfcn.h
configure:8707: gcc -c -g -O2  conftest.c >&5
configure:8707: $? = 0
configure:8707: result: yes
configure:8966: checking for objdir
configure:8982: result: .libs
configure:9246: checking if gcc supports -fno-rtti -fno-exceptions
configure:9265: gcc -c -g -O2  -fno-rtti -fno-exceptions conftest.c >&5
cc1: warning: command-line option '-fno-rtti' is valid for C++/D/ObjC++ but not for C
configure:9269: $? = 0
configure:9282: result: no
configure:9646: checking for gcc option to produce PIC
configure:9654: result: -fPIC -DPIC
configure:9662: checking if gcc PIC flag -fPIC -DPIC works
configure:9681: gcc -c -g -O2  -fPIC -DPIC -DPIC conftest.c >&5
configure:9685: $? = 0
configure:9698: result: yes
configure:9727: checking if gcc static flag -static works
configure:9756: result: yes
configure:9771: checking if gcc supports -c -o file.o
configure:9793: gcc -c -g -O2  -o out/conftest2.o conftest.c >&5
configure:9797: $? = 0
configure:9819: result: yes
configure:9827: checking if gcc supports -c -o file.o
configure:9875: result: yes
configure:9908: checking whether the gcc linker (/usr/bin/ld -m elf_x86_64) supports shared libraries
configure:11182: result: yes
configure:11219: checking whether -lc should be explicitly linked in
configure:11228: gcc -c -g -O2  conftest.c >&5
configure:11231: $? = 0
configure:11246: gcc -shared  -fPIC -DPIC conftest.o  -v -Wl,-soname -Wl,conftest -o conftest 2\>\&1 \| /usr/bin/grep  -lc  \>/dev/null 2\>\&1
configure:11249: $? = 0
configure:11263: result: no
configure:11423: checking dynamic linker characteristics
configure:12005: gcc -o conftest -g -O2   -Wl,-rpath -Wl,/foo conftest.c  >&5
configure:12005: $? = 0
configure:12256: result: GNU/Linux ld.so
configure:12378: checking how to hardcode library paths into programs
configure:12403: result: immediate
configure:12955: checking whether stripping libraries is possible
configure:12964: result: yes
configure:13006: checking if libtool supports shared libraries
configure:13008: result: yes
configure:13011: checking whether to build shared libraries
configure:13036: result: yes
configure:13039: checking whether to build static libraries
configure:13043: result: yes
configure:13152: checking for g++
configure:13173: found /usr/bin/g++
configure:13184: result: g++
configure:13211: checking for C++ compiler version
configure:13220: g++ --version >&5
g++ (Ubuntu 13.3.0-6ubuntu2~24.04) 13.3.0
Copyright (C) 2023 Free Software Foundation, Inc.
This is free software; see the source for copying conditions.  There is NO
warranty; not even for MERCHANTABILITY or FITNESS FOR A PARTICULAR PURPOSE.

configure:13231: $? = 0
configure:13220: g++ -v >&5
Using built-in specs.
COLLECT_GCC=g++
COLLECT_LTO_WRAPPER=/usr/libexec/gcc/x86_64-linux-gnu/13/lto-wrapper
OFFLOAD_TARGET_NAMES=nvptx-none:amdgcn-amdhsa
OFFLOAD_TARGET_DEFAULT=1
Target: x86_64-linux-gnu
Configured with: ../src/configure -v --with-pkgversion='Ubuntu 13.3.0-6ubuntu2~24.04' --with-bugurl=file:///usr/share/doc/gcc-13/README.Bugs --enable-languages=c,ada,c++,go,d,fortran,objc,obj-c++,m2 --prefix=/usr --with-gcc-major-version-only --program-suffix=-13 --program-prefix=x86_64-linux-gnu- --enable-shared --enable-linker-build-id --libexecdir=/usr/libexec --without-included-gettext --enable-threads=posix --libdir=/usr/lib --enable-nls --enable-bootstrap --enable-clocale=gnu --enable-libstdcxx-debug --enable-libstdcxx-time=yes --with-default-libstdcxx-abi=new --enable-libstdcxx-backtrace --enable-gnu-unique-object --disable-vtable-verify --enable-plugin --enable-default-pie --with-system-zlib --enable-libphobos-checking=release --with-target-system-zlib=auto --enable-objc-gc=auto --enable-multiarch --disable-werror --enable-cet --with-arch-32=i686 --with-abi=m64 --with-multilib-list=m32,m64,mx32 --enable-multilib --with-tune=generic --enable-offload-targets=nvptx-none=/build/gcc-13-fG75Ri/gcc-13-13.3.0/debian/tmp-nvptx/usr,amdgcn-amdhsa=/build/gcc-13-fG75Ri/gcc-13-13.3.0/debian/tmp-gcn/usr --enable-offload-defaulted --without-cuda-driver --enable-checking=release --build=x86_64-linux-gnu --host=x86_64-linux-gnu --target=x86_64-linux-gnu --with-build-config=bootstrap-lto-lean --enable-link-serialization=2
Thread model: posix
Supported LTO compression algorithms: zlib zstd
gcc version 13.3.0 (Ubuntu 13.3.0-6ubuntu2~24.04) 
... rest of stderr output deleted ...
configure:13231: $? = 0
configure:13220: g++ -V >&5
g++: error: unrecognized command-line option '-V'
g++: fatal error: no input files
compilation terminated.
configure:13231: $? = 1
configure:13220: g++ -qversion >&5
g++: error: unrecognized command-line option '-qversion'; did you mean '--version'?
g++: fatal error: no input files
compilation terminated.
configure:13231: $? = 1
configure:13235: checking whether the compiler supports GNU C++
configure:13255: g++ -c   conftest.cpp >&5
configure:13255: $? = 0
configure:13265: result: yes
configure:13276: checking whether g++ accepts -g
configure:13297: g++ -c -g  conftest.cpp >&5
configure:13297: $? = 0
configure:13341: result: yes
configure:13361: checking for g++ option to enable C++11 features
configure:13376: g++  -c -g -O2  conftest.cpp >&5
conftest.cpp: In function 'int main(int, char**)':
conftest.cpp:189:25: warning: empty parentheses were disambiguated as a function declaration [-Wvexing-parse]
  189 |   cxx11test::delegate d2();
      |                         ^~
conftest.cpp:189:25: note: remove parentheses to default-initialize a variable
  189 |   cxx11test::delegate d2();
      |                         ^~
      |                         --
conftest.cpp:189:25: note: or replace parentheses with braces to value-initialize a variable
configure:13376: $? = 0
configure:13394: result: none needed
configure:13460: checking dependency style of g++
configure:13572: result: gcc3
configure:13605: checking how to run the C++ preprocessor
configure:13627: g++ -E  conftest.cpp
configure:13627: $? = 0
configure:13642: g++ -E  conftest.cpp
conftest.cpp:23:10: fatal error: ac_nonexistent.h: No such file or directory
   23 | #include <ac_nonexistent.h>
      |          ^~~~~~~~~~~~~~~~~~
compilation terminated.
configure:13642: $? = 1
configure: failed program was:
| /* confdefs.h */
| #define PACKAGE_NAME "RdkVlanManager-rdkb"
| #define PACKAGE_TARNAME "rdkvlanmanager-rdkb"
| #define PACKAGE_VERSION "version-1.0"
| #define PACKAGE_STRING "RdkVlanManager-rdkb version-1.0"
| #define PACKAGE_BUGREPORT ""
| #define PACKAGE_URL ""
| #define PACKAGE "rdkvlanmanager-rdkb"
| #define VERSION "version-1.0"
| #define HAVE_STDIO_H 1
| #define HAVE_STDLIB_H 1
| #define HAVE_STRING_H 1
| #define HAVE_INTTYPES_H 1
| #define HAVE_STDINT_H 1
| #define HAVE_STRINGS_H 1
| #define HAVE_SYS_STAT_H 1
| #define HAVE_SYS_TYPES_H 1
| #define HAVE_UNISTD_H 1
| #define STDC_HEADERS 1
| #define HAVE_DLFCN_H 1
| #define LT_OBJDIR ".libs/"
| /* end confdefs.h.  */
| #include <ac_nonexistent.h>
configure:13669: result: g++ -E
configure:13683: g++ -E  conftest.cpp
configure:13683: $? = 0
configure:13698: g++ -E  conftest.cpp
conftest.cpp:23:10: fatal error: ac_nonexistent.h: No such file or directory
   23 | #include <ac_nonexistent.h>
      |          ^~~~~~~~~~~~~~~~~~
compilation terminated.
configure:13698: $? = 1
configure: failed program was:
| /* confdefs.h */
| #define PACKAGE_NAME "RdkVlanManager-rdkb"
| #define PACKAGE_TARNAME "rdkvlanmanager-rdkb"
| #define PACKAGE_VERSION "version-1.0"
| #define PACKAGE_STRING "RdkVlanManager-rdkb version-1.0"
| #define PACKAGE_BUGREPORT ""
| #define PACKAGE_URL ""
| #define PACKAGE "rdkvlanmanager-rdkb"
| #define VERSION "version-1.0"
| #define HAVE_STDIO_H 1
| #define HAVE_STDLIB_H 1
| #define HAVE_STRING_H 1
| #define HAVE_INTTYPES_H 1
| #define HAVE_STDINT_H 1
| #define HAVE_STRINGS_H 1
| #define HAVE_SYS_STAT_H 1
| #define HAVE_SYS_TYPES_H 1
| #define HAVE_UNISTD_H 1
| #define STDC_HEADERS 1
| #define HAVE_DLFCN_H 1
| #define LT_OBJDIR ".libs/"
| /* end confdefs.h.  */
| #include <ac_nonexistent.h>
configure:13863: checking for ld used by g++
configure:13931: result: /usr/bin/ld -m elf_x86_64
configure:13938: checking if the linker (/usr/bin/ld -m elf_x86_64) is GNU ld
configure:13954: result: yes
configure:14009: checking whether the g++ linker (/usr/bin/ld -m elf_x86_64) supports shared libraries
configure:15087: result: yes
configure:15123: g++ -c -g -O2  conftest.cpp >&5
configure:15126: $? = 0
configure:15607: checking for g++ option to produce PIC
configure:15615: result: -fPIC -DPIC
configure:15623: checking if g++ PIC flag -fPIC -DPIC works
configure:15642: g++ -c -g -O2  -fPIC -DPIC -DPIC conftest.cpp >&5
configure:15646: $? = 0
configure:15659: result: yes
configure:15682: checking if g++ static flag -static works
configure:15711: result: yes
configure:15723: checking if g++ supports -c -o file.o
configure:15745: g++ -c -g -O2  -o out/conftest2.o conftest.cpp >&5
configure:15749: $? = 0
configure:15771: result: yes
configure:15776: checking if g++ supports -c -o file.o
configure:15824: result: yes
configure:15854: checking whether the g++ linker (/usr/bin/ld -m elf_x86_64) supports shared libraries
configure:15897: result: yes
configure:16039: checking dynamic linker characteristics
configure:16799: result: GNU/Linux ld.so
configure:16864: checking how to hardcode library paths into programs
configure:16889: result: immediate
configure:16982: checking for gcc
configure:17014: result: gcc
configure:17367: checking for C compiler version
configure:17376: gcc --version >&5
gcc (Ubuntu 13.3.0-6ubuntu2~24.04) 13.3.0
Copyright (C) 2023 Free Software Foundation, Inc.
This is free software; see the source for copying conditions.  There is NO
warranty; not even for MERCHANTABILITY or FITNESS FOR A PARTICULAR PURPOSE.

configure:17387: $? = 0
configure:17376: gcc -v >&5
Using built-in specs.
COLLECT_GCC=gcc
COLLECT_LTO_WRAPPER=/usr/libexec/gcc/x86_64-linux-gnu/13/lto-wrapper
OFFLOAD_TARGET_NAMES=nvptx-none:amdgcn-amdhsa
OFFLOAD_TARGET_DEFAULT=1
Target: x86_64-linux-gnu
Configured with: ../src/configure -v --with-pkgversion='Ubuntu 13.3.0-6ubuntu2~24.04' --with-bugurl=file:///usr/share/doc/gcc-13/README.Bugs --enable-languages=c,ada,c++,go,d,fortran,objc,obj-c++,m2 --prefix=/usr --with-gcc-major-version-only --program-suffix=-13 --program-prefix=x86_64-linux-gnu- --enable-shared --enable-linker-build-id --libexecdir=/usr/libexec --without-included-gettext --enable-threads=posix --libdir=/usr/lib --enable-nls --enable-bootstrap --enable-clocale=gnu --enable-libstdcxx-debug --enable-libstdcxx-time=yes --with-default-libstdcxx-abi=new --enable-libstdcxx-backtrace --enable-gnu-unique-object --disable-vtable-verify --enable-plugin --enable-default-pie --with-system-zlib --enable-libphobos-checking=release --with-target-system-zlib=auto --enable-objc-gc=auto --enable-multiarch --disable-werror --enable-cet --with-arch-32=i686 --with-abi=m64 --with-multilib-list=m32,m64,mx32 --enable-multilib --with-tune=generic --enable-offload-targets=nvptx-none=/build/gcc-13-fG75Ri/gcc-13-13.3.0/debian/tmp-nvptx/usr,amdgcn-amdhsa=/build/gcc-13-fG75Ri/gcc-13-13.3.0/debian/tmp-gcn/usr --enable-offload-defaulted --without-cuda-driver --enable-checking=release --build=x86_64-linux-gnu --host=x86_64-linux-gnu --target=x86_64-linux-gnu --with-build-config=bootstrap-lto-lean --enable-link-serialization=2
Thread model: posix
Supported LTO compression algorithms: zlib zstd
gcc version 13.3.0 (Ubuntu 13.3.0-6ubuntu2~24.04) 
... rest of stderr output deleted ...
configure:17387: $? = 0
configure:17376: gcc -V >&5
gcc: error: unrecognized command-line option '-V'
gcc: fatal error: no input files
compilation terminated.
configure:17387: $? = 1
configure:17376: gcc -qversion >&5
gcc: error: unrecognized command-line option '-qversion'; did you mean '--version'?
gcc: fatal error: no input files
compilation terminated.
configure:17387: $? = 1
configure:17376: gcc -version >&5
gcc: error: unrecognized command-line option '-version'
gcc: fatal error: no input files
compilation terminated.
configure:17387: $? = 1
configure:17391: checking whether the compiler supports GNU C
configure:17421: result: yes
configure:17432: checking whether gcc accepts -g
configure:17497: result: yes
configure:17517: checking for gcc option to enable C11 features
configure:17550: result: none needed
configure:17666: checking whether gcc understands -c and -o together
configure:17704: result: yes
configure:17723: checking dependency style of gcc
configure:17835: result: gcc3
configure:17851: checking whether ln -s works
configure:17855: result: yes
configure:17867: checking how to run the C preprocessor
configure:17893: gcc -E  conftest.c
configure:17893: $? = 0
configure:17908: gcc -E  conftest.c
conftest.c:23:10: fatal error: ac_nonexistent.h: No such file or directory
   23 | #include <ac_nonexistent.h>
      |          ^~~~~~~~~~~~~~~~~~
compilation terminated.
configure:17908: $? = 1
configure: failed program was:
| /* confdefs.h */
| #define PACKAGE_NAME "RdkVlanManager-rdkb"
| #define PACKAGE_TARNAME "rdkvlanmanager-rdkb"
| #define PACKAGE_VERSION "version-1.0"
| #define PACKAGE_STRING "RdkVlanManager-rdkb version-1.0"
| #define PACKAGE_BUGREPORT ""
| #define PACKAGE_URL ""
| #define PACKAGE "rdkvlanmanager-rdkb"
| #define VERSION "version-1.0"
| #define HAVE_STDIO_H 1
| #define HAVE_STDLIB_H 1
| #define HAVE_STRING_H 1
| #define HAVE_INTTYPES_H 1
| #define HAVE_STDINT_H 1
| #define HAVE_STRINGS_H 1
| #define HAVE_SYS_STAT_H 1
| #define HAVE_SYS_TYPES_H 1
| #define HAVE_UNISTD_H 1
| #define STDC_HEADERS 1
| #define HAVE_DLFCN_H 1
| #define LT_OBJDIR ".libs/"
| /* end confdefs.h.  */
| #include <ac_nonexistent.h>
configure:17935: result: gcc -E
configure:17949: gcc -E  conftest.c
configure:17949: $? = 0
configure:17964: gcc -E  conftest.c
conftest.c:23:10: fatal error: ac_nonexistent.h: No such file or directory
   23 | #include <ac_nonexistent.h>
      |          ^~~~~~~~~~~~~~~~~~
compilation terminated.
configure:17964: $? = 1
configure: failed program was:
| /* confdefs.h */
| #define PACKAGE_NAME "RdkVlanManager-rdkb"
| #define PACKAGE_TARNAME "rdkvlanmanager-rdkb"
| #define PACKAGE_VERSION "version-1.0"
| #define PACKAGE_STRING "RdkVlanManager-rdkb version-1.0"
| #define PACKAGE_BUGREPORT ""
| #define PACKAGE_URL ""
| #define PACKAGE "rdkvlanmanager-rdkb"
| #define VERSION "version-1.0"
| #define HAVE_STDIO_H 1
| #define HAVE_STDLIB_H 1
| #define HAVE_STRING_H 1
| #define HAVE_INTTYPES_H 1
| #define HAVE_STDINT_H 1
| #define HAVE_STRINGS_H 1
| #define HAVE_SYS_STAT_H 1
| #define HAVE_SYS_TYPES_H 1
| #define HAVE_UNISTD_H 1
| #define STDC_HEADERS 1
| #define HAVE_DLFCN_H 1
| #define LT_OBJDIR ".libs/"
| /* end confdefs.h.  */
| #include <ac_nonexistent.h>
configure:17999: checking how to run the C++ preprocessor
configure:18063: result: g++ -E
configure:18077: g++ -E  conftest.cpp
configure:18077: $? = 0
configure:18092: g++ -E  conftest.cpp
conftest.cpp:23:10: fatal error: ac_nonexistent.h: No such file or directory
   23 | #include <ac_nonexistent.h>
      |          ^~~~~~~~~~~~~~~~~~
compilation terminated.
configure:18092: $? = 1
configure: failed program was:
| /* confdefs.h */
| #define PACKAGE_NAME "RdkVlanManager-rdkb"
| #define PACKAGE_TARNAME "rdkvlanmanager-rdkb"
| #define PACKAGE_VERSION "version-1.0"
| #define PACKAGE_STRING "RdkVlanManager-rdkb version-1.0"
| #define PACKAGE_BUGREPORT ""
| #define PACKAGE_URL ""
| #define PACKAGE "rdkvlanmanager-rdkb"
| #define VERSION "version-1.0"
| #define HAVE_STDIO_H 1
| #define HAVE_STDLIB_H 1
| #define HAVE_STRING_H 1
| #define HAVE_INTTYPES_H 1
| #define HAVE_STDINT_H 1
| #define HAVE_STRINGS_H 1
| #define HAVE_SYS_STAT_H 1
| #define HAVE_SYS_TYPES_H 1
| #define HAVE_UNISTD_H 1
| #define STDC_HEADERS 1
| #define HAVE_DLFCN_H 1
| #define LT_OBJDIR ".libs/"
| /* end confdefs.h.  */
| #include <ac_nonexistent.h>
configure:18135: checking whether make supports nested variables
configure:18153: result: yes
configure:18176: checking for egrep
configure:18244: result: /usr/bin/grep -E
configure:18273: checking for limits.h
configure:18273: gcc -c -g -O2  conftest.c >&5
configure:18273: $? = 0
configure:18273: result: yes
configure:18279: checking for memory.h
configure:18279: gcc -c -g -O2  conftest.c >&5
configure:18279: $? = 0
configure:18279: result: yes
configure:18285: checking for stdlib.h
configure:18285: result: yes
configure:18291: checking for string.h
configure:18291: result: yes
configure:18297: checking for sys/socket.h
configure:18297: gcc -c -g -O2  conftest.c >&5
configure:18297: $? = 0
configure:18297: result: yes
configure:18303: checking for unistd.h
configure:18303: result: yes
configure:18311: checking for uint8_t
configure:18311: gcc -c -g -O2  conftest.c >&5
configure:18311: $? = 0
configure:18311: result: yes
configure:18324: checking for GNU libc compatible malloc
configure:18356: gcc -o conftest -g -O2   conftest.c  >&5
configure:18356: $? = 0
configure:18356: ./conftest
configure:18356: $? = 0
configure:18367: result: yes
configure:18389: checking for memset
configure:18389: gcc -o conftest -g -O2   conftest.c  >&5
conftest.c:46:6: warning: conflicting types for built-in function 'memset'; expected 'void *(void *, int,  long unsigned int)' [-Wbuiltin-declaration-mismatch]
   46 | char memset ();
      |      ^~~~~~
conftest.c:38:1: note: 'memset' is declared in header '<string.h>'
   37 | #include <limits.h>
   38 | #undef memset
configure:18389: $? = 0
configure:18389: result: yes
configure:18395: checking for strdup
configure:18395: gcc -o conftest -g -O2   conftest.c  >&5
conftest.c:47:6: warning: conflicting types for built-in function 'strdup'; expected 'char *(const char *)' [-Wbuiltin-declaration-mismatch]
   47 | char strdup ();
      |      ^~~~~~
configure:18395: $? = 0
configure:18395: result: yes
configure:18401: checking for strerror
configure:18401: gcc -o conftest -g -O2   conftest.c  >&5
configure:18401: $? = 0
configure:18401: result: yes
configure:18468: checking for pkg-config
configure:18491: found /usr/bin/pkg-config
configure:18503: result: /usr/bin/pkg-config
configure:18528: checking pkg-config is at least version 0.9.0
configure:18531: result: yes
configure:18541: checking for dbus-1 >= 1.6.18
configure:18548: $PKG_CONFIG --exists --print-errors "dbus-1 >= 1.6.18"
Package dbus-1 was not found in the pkg-config search path.
Perhaps you should add the directory containing `dbus-1.pc'
to the PKG_CONFIG_PATH environment variable
Package 'dbus-1', required by 'virtual:world', not found
configure:18551: $? = 1
configure:18565: $PKG_CONFIG --exists --print-errors "dbus-1 >= 1.6.18"
Package dbus-1 was not found in the pkg-config search path.
Perhaps you should add the directory containing `dbus-1.pc'
to the PKG_CONFIG_PATH environment variable
Package 'dbus-1', required by 'virtual:world', not found
configure:18568: $? = 1
configure:18582: result: no
Package 'dbus-1', required by 'virtual:world', not found
configure:18598: error: Package requirements (dbus-1 >= 1.6.18) were not met:

Package 'dbus-1', required by 'virtual:world', not found

Consider adjusting the PKG_CONFIG_PATH environment variable if you
installed software in a non-standard prefix.

Alternatively, you may set the environment variables DBUS_CFLAGS
and DBUS_LIBS to avoid the need to call pkg-config.
See the pkg-config man page for more details.

## ---------------- ##
## Cache variables. ##
## ---------------- ##

ac_cv_build=x86_64-pc-linux-gnu
ac_cv_c_compiler_gnu=yes
ac_cv_c_uint8_t=yes
ac_cv_cxx_compiler_gnu=yes
ac_cv_env_CCC_set=
ac_cv_env_CCC_value=
ac_cv_env_CC_set=
ac_cv_env_CC_value=
ac_cv_env_CFLAGS_set=
ac_cv_env_CFLAGS_value=
ac_cv_env_CPPFLAGS_set=
ac_cv_env_CPPFLAGS_value=
ac_cv_env_CPP_set=
ac_cv_env_CPP_value=
ac_cv_env_CXXCPP_set=
ac_cv_env_CXXCPP_value=
ac_cv_env_CXXFLAGS_set=
ac_cv_env_CXXFLAGS_value=
ac_cv_env_CXX_set=
ac_cv_env_CXX_value=
ac_cv_env_DBUS_CFLAGS_set=
ac_cv_env_DBUS_CFLAGS_value=
ac_cv_env_DBUS_LIBS_set=
ac_cv_env_DBUS_LIBS_value=
ac_cv_env_LDFLAGS_set=
ac_cv_env_LDFLAGS_value=
ac_cv_env_LIBS_set=
ac_cv_env_LIBS_value=
ac_cv_env_LT_SYS_LIBRARY_PATH_set=
ac_cv_env_LT_SYS_LIBRARY_PATH_value=
ac_cv_env_PKG_CONFIG_LIBDIR_set=
ac_cv_env_PKG_CONFIG_LIBDIR_value=
ac_cv_env_PKG_CONFIG_PATH_set=
ac_cv_env_PKG_CONFIG_PATH_value=
ac_cv_env_PKG_CONFIG_set=
ac_cv_env_PKG_CONFIG_value=
ac_cv_env_build_alias_set=
ac_cv_env_build_alias_value=
ac_cv_env_host_alias_set=
ac_cv_env_host_alias_value=
ac_cv_env_target_alias_set=
ac_cv_env_target_alias_value=
ac_cv_func_malloc_0_nonnull=yes
ac_cv_func_memset=yes
ac_cv_func_strdup=yes
ac_cv_func_strerror=yes
ac_cv_header_dlfcn_h=yes
ac_cv_header_inttypes_h=yes
ac_cv_header_limits_h=yes
ac_cv_header_memory_h=yes
ac_cv_header_stdint_h=yes
ac_cv_header_stdio_h=yes
ac_cv_header_stdlib_h=yes
ac_cv_header_string_h=yes
ac_cv_header_strings_h=yes
ac_cv_header_sys_socket_h=yes
ac_cv_header_sys_stat_h=yes
ac_cv_header_sys_types_h=yes
ac_cv_header_unistd_h=yes
ac_cv_host=x86_64-pc-linux-gnu
ac_cv_objext=o
ac_cv_path_EGREP='/usr/bin/grep -E'
ac_cv_path_FGREP='/usr/bin/grep -F'
ac_cv_path_GREP=/usr/bin/grep
ac_cv_path_SED=/usr/bin/sed
ac_cv_path_ac_pt_PKG_CONFIG=/usr/bin/pkg-config
ac_cv_path_install='/usr/bin/install -c'
ac_cv_path_lt_DD=/usr/bin/dd
ac_cv_path_mkdir=/usr/bin/mkdir
ac_cv_prog_AWK=gawk
ac_cv_prog_CPP='gcc -E'
ac_cv_prog_CXXCPP='g++ -E'
ac_cv_prog_ac_ct_AR=ar
ac_cv_prog_ac_ct_CC=gcc
ac_cv_prog_ac_ct_CXX=g++
ac_cv_prog_ac_ct_FILECMD=file
ac_cv_prog_ac_ct_MANIFEST_TOOL=mt
ac_cv_prog_ac_ct_OBJDUMP=objdump
ac_cv_prog_ac_ct_RANLIB=ranlib
ac_cv_prog_ac_ct_STRIP=strip
ac_cv_prog_cc_c11=
ac_cv_prog_cc_g=yes
ac_cv_prog_cc_stdc=
ac_cv_prog_cxx_cxx11=
ac_cv_prog_cxx_g=yes
ac_cv_prog_cxx_stdcxx=
ac_cv_prog_make_make_set=yes
am_cv_CC_dependencies_compiler_type=gcc3
am_cv_CXX_dependencies_compiler_type=gcc3
am_cv_make_support_nested_variables=yes
am_cv_prog_cc_c_o=yes
lt_cv_ar_at_file=@
lt_cv_archive_cmds_need_lc=no
lt_cv_deplibs_check_method=pass_all
lt_cv_file_magic_cmd='$MAGIC_CMD'
lt_cv_file_magic_test_file=
lt_cv_ld_reload_flag=-r
lt_cv_nm_interface='BSD nm'
lt_cv_objdir=.libs
lt_cv_path_LD=/usr/bin/ld
lt_cv_path_LDCXX='/usr/bin/ld -m elf_x86_64'
lt_cv_path_NM='/usr/bin/nm -B'
lt_cv_path_mainfest_tool=no
lt_cv_prog_compiler_c_o=yes
lt_cv_prog_compiler_c_o_CXX=yes
lt_cv_prog_compiler_pic='-fPIC -DPIC'
lt_cv_prog_compiler_pic_CXX='-fPIC -DPIC'
lt_cv_prog_compiler_pic_works=yes
lt_cv_prog_compiler_pic_works_CXX=yes
lt_cv_prog_compiler_rtti_exceptions=no
lt_cv_prog_compiler_static_works=yes
lt_cv_prog_compiler_static_works_CXX=yes
lt_cv_prog_gnu_ld=yes
lt_cv_prog_gnu_ldcxx=yes
lt_cv_sharedlib_from_linklib_cmd='printf %s\n'
lt_cv_shlibpath_overrides_runpath=yes
lt_cv_sys_global_symbol_pipe='/usr/bin/sed -n -e '\''s/^.*[	 ]\([ABCDGIRSTW][ABCDGIRSTW]*\)[	 ][	 ]*\([_A-Za-z][_A-Za-z0-9]*\)$/\1 \2 \2/p'\'' | /usr/bin/sed '\''/ __gnu_lto/d'\'''
lt_cv_sys_global_symbol_to_c_name_address='/usr/bin/sed -n -e '\''s/^: \(.*\) .*$/  {"\1", (void *) 0},/p'\'' -e '\''s/^[ABCDGIRSTW][ABCDGIRSTW]* .* \(.*\)$/  {"\1", (void *) \&\1},/p'\'''
lt_cv_sys_global_symbol_to_c_name_address_lib_prefix='/usr/bin/sed -n -e '\''s/^: \(.*\) .*$/  {"\1", (void *) 0},/p'\'' -e '\''s/^[ABCDGIRSTW][ABCDGIRSTW]* .* \(lib.*\)$/  {"\1", (void *) \&\1},/p'\'' -e '\''s/^[ABCDGIRSTW][ABCDGIRSTW]* .* \(.*\)$/  {"lib\1", (void *) \&\1},/p'\'''
lt_cv_sys_global_symbol_to_cdecl='/usr/bin/sed -n -e '\''s/^T .* \(.*\)$/extern int \1();/p'\'' -e '\''s/^[ABCDGIRSTW][ABCDGIRSTW]* .* \(.*\)$/extern char \1;/p'\'''
lt_cv_sys_global_symbol_to_import=
lt_cv_sys_max_cmd_len=3145728
lt_cv_to_host_file_cmd=func_convert_file_noop
lt_cv_to_tool_file_cmd=func_convert_file_noop
lt_cv_truncate_bin='/usr/bin/dd bs=4096 count=1'

## ----------------- ##
## Output variables. ##
## ----------------- ##

ACLOCAL='${SHELL} '\''/home/runner/work/vlan-manager/vlan-manager/cfg/missing'\'' aclocal-1.16'
AMDEPBACKSLASH='\'
AMDEP_FALSE='#'
AMDEP_TRUE=''
AMTAR='$${TAR-tar}'
AM_BACKSLASH='\'
AM_DEFAULT_V='$(AM_DEFAULT_VERBOSITY)'
AM_DEFAULT_VERBOSITY='0'
AM_V='$(V)'
AR='ar'
AUTOCONF='${SHELL} '\''/home/runner/work/vlan-manager/vlan-manager/cfg/missing'\'' autoconf'
AUTOHEADER='${SHELL} '\''/home/runner/work/vlan-manager/vlan-manager/cfg/missing'\'' autoheader'
AUTOMAKE='${SHELL} '\''/home/runner/work/vlan-manager/vlan-manager/cfg/missing'\'' automake-1.16'
AWK='gawk'
CC='gcc'
CCDEPMODE='depmode=gcc3'
CFLAGS='-g -O2'
CPP='gcc -E'
CPPFLAGS=''
CSCOPE='cscope'
CTAGS='ctags'
CXX='g++'
CXXCPP='g++ -E'
CXXDEPMODE='depmode=gcc3'
CXXFLAGS='-g -O2'
CYGPATH_W='echo'
DBUS_CFLAGS=''
DBUS_LIBS=''
DEFS=''
DEPDIR='.deps'
DLLTOOL='false'
DSYMUTIL=''
DUMPBIN=''
ECHO_C=''
ECHO_N='-n'
ECHO_T=''
EGREP='/usr/bin/grep -E'
ETAGS='etags'
EXEEXT=''
FGREP='/usr/bin/grep -F'
FILECMD='file'
GIT_VERSION='b6e2669-dirty'
GREP='/usr/bin/grep'
INSTALL_DATA='${INSTALL} -m 644'
INSTALL_PROGRAM='${INSTALL}'
INSTALL_SCRIPT='${INSTALL}'
INSTALL_STRIP_PROGRAM='$(install_sh) -c -s'
LD='/usr/bin/ld -m elf_x86_64'
LDFLAGS=''
LIBOBJS=''
LIBS=''
LIBTOOL='$(SHELL) $(top_builddir)/libtool'
LIPO=''
LN_S='ln -s'
LTLIBOBJS=''
LT_SYS_LIBRARY_PATH=''
MAKEINFO='${SHELL} '\''/home/runner/work/vlan-manager/vlan-manager/cfg/missing'\'' makeinfo'
MANIFEST_TOOL=':'
MKDIR_P='/usr/bin/mkdir -p'
NM='/usr/bin/nm -B'
NMEDIT=''
OBJDUMP='objdump'
OBJEXT='o'
OTOOL64=''
OTOOL=''
PACKAGE='rdkvlanmanager-rdkb'
PACKAGE_BUGREPORT=''
PACKAGE_NAME='RdkVlanManager-rdkb'
PACKAGE_STRING='RdkVlanManager-rdkb version-1.0'
PACKAGE_TARNAME='rdkvlanmanager-rdkb'
PACKAGE_URL=''
PACKAGE_VERSION='version-1.0'
PATH_SEPARATOR=':'
PKG_CONFIG='/usr/bin/pkg-config'
PKG_CONFIG_LIBDIR=''
PKG_CONFIG_PATH=''
RANLIB='ranlib'
SED='/usr/bin/sed'
SET_MAKE=''
SHELL='/bin/bash'
STRIP='strip'
SYSTEMD_CFLAGS=' '
SYSTEMD_LDFLAGS=' '
VERSION='version-1.0'
ac_ct_AR='ar'
ac_ct_CC='gcc'
ac_ct_CXX='g++'
ac_ct_DUMPBIN=''
am__EXEEXT_FALSE=''
am__EXEEXT_TRUE=''
am__fastdepCC_FALSE='#'
am__fastdepCC_TRUE=''
am__fastdepCXX_FALSE='#'
am__fastdepCXX_TRUE=''
am__include='include'
am__isrc=''
am__leading_dot='.'
am__nodep='_no'
am__quote=''
am__tar='$${TAR-tar} chof - "$$tardir"'
am__untar='$${TAR-tar} xf -'
bindir='${exec_prefix}/bin'
build='x86_64-pc-linux-gnu'
build_alias=''
build_cpu='x86_64'
build_os='linux-gnu'
build_vendor='pc'
datadir='${datarootdir}'
datarootdir='${prefix}/share'
docdir='${datarootdir}/doc/${PACKAGE_TARNAME}'
dvidir='${docdir}'
exec_prefix='NONE'
host='x86_64-pc-linux-gnu'
host_alias=''
host_cpu='x86_64'
host_os='linux-gnu'
host_vendor='pc'
htmldir='${docdir}'
includedir='${prefix}/include'
infodir='${datarootdir}/info'
install_sh='${SHELL} /home/runner/work/vlan-manager/vlan-manager/cfg/install-sh'
libdir='${exec_prefix}/lib'
libexecdir='${exec_prefix}/libexec'
localedir='${datarootdir}/locale'
localstatedir='${prefix}/var'
mandir='${datarootdir}/man'
mkdir_p='$(MKDIR_P)'
oldincludedir='/usr/include'
pdfdir='${docdir}'
prefix='NONE'
program_transform_name='s,x,x,'
psdir='${docdir}'
runstatedir='${localstatedir}/run'
sbindir='${exec_prefix}/sbin'
sharedstatedir='${prefix}/com'
sysconfdir='${prefix}/etc'
target_alias=''

## ----------- ##
## confdefs.h. ##
## ----------- ##

/* confdefs.h */
#define PACKAGE_NAME "RdkVlanManager-rdkb"
#define PACKAGE_TARNAME "rdkvlanmanager-rdkb"
#define PACKAGE_VERSION "version-1.0"
#define PACKAGE_STRING "RdkVlanManager-rdkb version-1.0"
#define PACKAGE_BUGREPORT ""
#define PACKAGE_URL ""
#define PACKAGE "rdkvlanmanager-rdkb"
#define VERSION "version-1.0"
#define HAVE_STDIO_H 1
#define HAVE_STDLIB_H 1
#define HAVE_STRING_H 1
#define HAVE_INTTYPES_H 1
#define HAVE_STDINT_H 1
#define HAVE_STRINGS_H 1
#define HAVE_SYS_STAT_H 1
#define HAVE_SYS_TYPES_H 1
#define HAVE_UNISTD_H 1
#define STDC_HEADERS 1
#define HAVE_DLFCN_H 1
#define LT_OBJDIR ".libs/"
#define HAVE_LIMITS_H 1
#define HAVE_MEMORY_H 1
#define HAVE_STDLIB_H 1
#define HAVE_STRING_H 1
#define HAVE_SYS_SOCKET_H 1
#define HAVE_UNISTD_H 1
#define HAVE_MALLOC 1
#define HAVE_MEMSET 1
#define HAVE_STRDUP 1
#define HAVE_STRERROR 1

configure: exit 1
